warning: Git tree '/home/pmarko/nixos' is dirty
building the system configuration...
warning: Git tree '/home/pmarko/nixos' is dirty
these 16 derivations will be built:
  /nix/store/yhyr6fkd8c32i32pq5xih8qfr3p36076-home-manager-path.drv
  /nix/store/n1m9aqqhrxxla6s3yzgljwbqx0sfzzc6-activation-script.drv
  /nix/store/xmvfdlbrdgiv83kwpigwkdva1s24vzbb-home-manager-files.drv
  /nix/store/1h836lj2nqx9r7s74ac0ym3i8q3561g3-home-manager-generation.drv
  /nix/store/2slkzcxbh023m397bi87h2fgvviq35wv-system-path.drv
  /nix/store/2zql7fc9zvahzkfjs6h5wpggb7rsxaix-dbus-1.drv
  /nix/store/gv3clmjdjk852pvijmiqhvwbmylq2bdk-X-Restart-Triggers-dbus.drv
  /nix/store/qjqvsfdyixhapx3yv7ayinnc4a35b2w5-unit-dbus.service.drv
  /nix/store/7pj9yw3rghlw20rpn75s3gi1rap7x24m-user-units.drv
  /nix/store/a4zbdav2f53izv71jsa8hdr4p5p2ir04-unit-home-manager-pmarko.service.drv
  /nix/store/gk06ykbrg7ls4sw73f27fb6nci4pvf3i-unit-dbus.service.drv
  /nix/store/r1d4iv71wlm1d531i424q62s0kkipa61-X-Restart-Triggers-polkit.drv
  /nix/store/s91r3cxr1pa0983flxpyzskrkycmxzby-unit-polkit.service.drv
  /nix/store/y4rrdp4anqa5zffiv5fcgid556p3hwfi-system-units.drv
  /nix/store/vrnv0mwdfy0ad4kxkjx2c5gsyzhby3k7-etc.drv
  /nix/store/cxyl8g4lax7idif76sfgd323szizjmfl-nixos-system-nixos-25.05.20250507.8fcc714.drv
building '/nix/store/2slkzcxbh023m397bi87h2fgvviq35wv-system-path.drv'...
building '/nix/store/xmvfdlbrdgiv83kwpigwkdva1s24vzbb-home-manager-files.drv'...
building '/nix/store/yhyr6fkd8c32i32pq5xih8qfr3p36076-home-manager-path.drv'...
building '/nix/store/n1m9aqqhrxxla6s3yzgljwbqx0sfzzc6-activation-script.drv'...
building '/nix/store/r1d4iv71wlm1d531i424q62s0kkipa61-X-Restart-Triggers-polkit.drv'...
building '/nix/store/2zql7fc9zvahzkfjs6h5wpggb7rsxaix-dbus-1.drv'...
building '/nix/store/1h836lj2nqx9r7s74ac0ym3i8q3561g3-home-manager-generation.drv'...
building '/nix/store/s91r3cxr1pa0983flxpyzskrkycmxzby-unit-polkit.service.drv'...
building '/nix/store/gv3clmjdjk852pvijmiqhvwbmylq2bdk-X-Restart-Triggers-dbus.drv'...
building '/nix/store/a4zbdav2f53izv71jsa8hdr4p5p2ir04-unit-home-manager-pmarko.service.drv'...
building '/nix/store/gk06ykbrg7ls4sw73f27fb6nci4pvf3i-unit-dbus.service.drv'...
building '/nix/store/qjqvsfdyixhapx3yv7ayinnc4a35b2w5-unit-dbus.service.drv'...
building '/nix/store/y4rrdp4anqa5zffiv5fcgid556p3hwfi-system-units.drv'...
building '/nix/store/7pj9yw3rghlw20rpn75s3gi1rap7x24m-user-units.drv'...
building '/nix/store/vrnv0mwdfy0ad4kxkjx2c5gsyzhby3k7-etc.drv'...
building '/nix/store/cxyl8g4lax7idif76sfgd323szizjmfl-nixos-system-nixos-25.05.20250507.8fcc714.drv'...
activating the configuration...
setting up /etc...
reloading user units for pmarko...
restarting sysinit-reactivation.target
reloading the following units: dbus.service
the following new units were started: NetworkManager-dispatcher.service
Done. The new configuration is /nix/store/7cvh23581i1bxf0cjyy1c6dsd8wy0f2c-nixos-system-nixos-25.05.20250507.8fcc714
